11-05-2022 @ 04:42:13 - 3.1.0 - No subscription webhooks found using API version 3. No updates needed.
11-05-2022 @ 04:42:13 - 3.1.6 upgrade complete from Subscriptions v0 while WooCommerce WC_VERSION 7.0.1 and database version 7.0.1 was active.
11-05-2022 @ 04:42:13 - Environment info:
11-05-2022 @ 04:42:13 -     WordPress Version : 6.1
11-05-2022 @ 04:42:13 - Active Plugins:
11-05-2022 @ 04:42:13 -     Buy Now Button for WooCommerce by wpismylife – 1.0.0
11-05-2022 @ 04:42:13 -     Contact Form 7 by Takayuki Miyoshi – 5.6.4
11-05-2022 @ 04:42:13 -     Facebook for WooCommerce by Facebook – 2.6.28
11-05-2022 @ 04:42:13 -     Flexible Shipping by Octolize – 4.16.1
11-05-2022 @ 04:42:13 -     Google Listings and Ads by WooCommerce – 2.2.0
11-05-2022 @ 04:42:13 -     WPCode - Insert Headers, Footers, and Code Snippets by WPCode – 2.0.3
11-05-2022 @ 04:42:13 -     Jetpack by Automattic – 11.5.1
11-05-2022 @ 04:42:13 -     MailPoet by MailPoet – 3.102.1
11-05-2022 @ 04:42:13 -     Nextend Social Login by Nextendweb – 3.1.6
11-05-2022 @ 04:42:13 -     Checkout Field Editor for WooCommerce by ThemeHigh – 1.8.0
11-05-2022 @ 04:42:13 -     WooCommerce Payments by Automattic – 4.9.0
11-05-2022 @ 04:42:13 -     WooCommerce Shipping & Tax by WooCommerce – 1.26.3
11-05-2022 @ 04:42:13 -     WooCommerce by Automattic – 7.0.1
11-05-2022 @ 04:42:13 -     WooSidebars by WooCommerce – 1.4.6
11-05-2022 @ 04:42:13 -     WP File Manager by mndpsingh287 – 7.1.6
