2022-11-06T03:38:34+00:00 INFO Array
(
    [Webhook Delivery] => Array
        (
            [Delivery ID] => 59199df97cead664484e5018a68f3b59
            [Date] => Nov 6, 2022 @ 3:38
            [URL] => https://webhooks.automizely.com/aftership/woocommerce/product/v1
            [Duration] => 0.2609
            [Request] => Array
                (
                    [Method] => POST
                    [Headers] => Array
                        (
                            [User-Agent] => WooCommerce/7.0.1 Hookshot (WordPress/6.1)
                            [Content-Type] => application/json
                            [X-WC-Webhook-Source] => https://hooraki.com/
                            [X-WC-Webhook-Topic] => product.deleted
                            [X-WC-Webhook-Resource] => product
                            [X-WC-Webhook-Event] => deleted
                            [X-WC-Webhook-Signature] => U06w3kVvDinl0hngNIH2tLZpUWmDheS03NgZAONkO9s=
                            [X-WC-Webhook-ID] => 9
                            [X-WC-Webhook-Delivery-ID] => 59199df97cead664484e5018a68f3b59
                        )

                )

            [Body] => Webhook body is not logged unless WP_DEBUG mode is turned on. This is to avoid the storing of personal data in the logs.
            [Response] => Array
                (
                    [Code] => 200
                    [Message] => OK
                    [Headers] => Requests_Utility_CaseInsensitiveDictionary Object
                        (
                            [data:protected] => Array
                                (
                                    [date] => Sun, 06 Nov 2022 03:38:34 GMT
                                    [content-length] => 0
                                    [vary] => Origin
                                    [via] => 1.1 google
                                    [cf-cache-status] => DYNAMIC
                                    [strict-transport-security] => max-age=15552000
                                    [server] => cloudflare
                                    [cf-ray] => 765acc0e28c49e44-SIN
                                )

                        )

                    [Body] => Webhook body is not logged unless WP_DEBUG mode is turned on. This is to avoid the storing of personal data in the logs.
                )

        )

)

2022-11-06T04:13:35+00:00 INFO Array
(
    [Webhook Delivery] => Array
        (
            [Delivery ID] => 242b4ded6da1c224543e13ec9119eea4
            [Date] => Nov 6, 2022 @ 4:13
            [URL] => https://webhooks.automizely.com/aftership/woocommerce/product/v1
            [Duration] => 0.29383
            [Request] => Array
                (
                    [Method] => POST
                    [Headers] => Array
                        (
                            [User-Agent] => WooCommerce/7.0.1 Hookshot (WordPress/6.1)
                            [Content-Type] => application/json
                            [X-WC-Webhook-Source] => https://hooraki.com/
                            [X-WC-Webhook-Topic] => product.deleted
                            [X-WC-Webhook-Resource] => product
                            [X-WC-Webhook-Event] => deleted
                            [X-WC-Webhook-Signature] => aTtj3y8bf1D7seS16FvoWAyPnO+iTAXARrbKDjYByZU=
                            [X-WC-Webhook-ID] => 9
                            [X-WC-Webhook-Delivery-ID] => 242b4ded6da1c224543e13ec9119eea4
                        )

                )

            [Body] => Webhook body is not logged unless WP_DEBUG mode is turned on. This is to avoid the storing of personal data in the logs.
            [Response] => Array
                (
                    [Code] => 200
                    [Message] => OK
                    [Headers] => Requests_Utility_CaseInsensitiveDictionary Object
                        (
                            [data:protected] => Array
                                (
                                    [date] => Sun, 06 Nov 2022 04:13:35 GMT
                                    [content-length] => 0
                                    [vary] => Origin
                                    [via] => 1.1 google
                                    [cf-cache-status] => DYNAMIC
                                    [strict-transport-security] => max-age=15552000
                                    [server] => cloudflare
                                    [cf-ray] => 765aff5918444cc5-SIN
                                )

                        )

                    [Body] => Webhook body is not logged unless WP_DEBUG mode is turned on. This is to avoid the storing of personal data in the logs.
                )

        )

)

2022-11-06T04:13:36+00:00 INFO Array
(
    [Webhook Delivery] => Array
        (
            [Delivery ID] => 242b4ded6da1c224543e13ec9119eea4
            [Date] => Nov 6, 2022 @ 4:13
            [URL] => https://webhooks.automizely.com/aftership/woocommerce/product/v1
            [Duration] => 0.27385
            [Request] => Array
                (
                    [Method] => POST
                    [Headers] => Array
                        (
                            [User-Agent] => WooCommerce/7.0.1 Hookshot (WordPress/6.1)
                            [Content-Type] => application/json
                            [X-WC-Webhook-Source] => https://hooraki.com/
                            [X-WC-Webhook-Topic] => product.deleted
                            [X-WC-Webhook-Resource] => product
                            [X-WC-Webhook-Event] => deleted
                            [X-WC-Webhook-Signature] => 1gHJCxIJiaUj+wIfATHvUYlEV1duIBKTsu50HwVes2I=
                            [X-WC-Webhook-ID] => 9
                            [X-WC-Webhook-Delivery-ID] => 242b4ded6da1c224543e13ec9119eea4
                        )

                )

            [Body] => Webhook body is not logged unless WP_DEBUG mode is turned on. This is to avoid the storing of personal data in the logs.
            [Response] => Array
                (
                    [Code] => 200
                    [Message] => OK
                    [Headers] => Requests_Utility_CaseInsensitiveDictionary Object
                        (
                            [data:protected] => Array
                                (
                                    [date] => Sun, 06 Nov 2022 04:13:36 GMT
                                    [content-length] => 0
                                    [vary] => Origin
                                    [via] => 1.1 google
                                    [cf-cache-status] => DYNAMIC
                                    [strict-transport-security] => max-age=15552000
                                    [server] => cloudflare
                                    [cf-ray] => 765aff5b089b89aa-SIN
                                )

                        )

                    [Body] => Webhook body is not logged unless WP_DEBUG mode is turned on. This is to avoid the storing of personal data in the logs.
                )

        )

)

